<?xml version="1.0" encoding="UTF-8"?>
<!-- Generated by org.testng.reporters.JUnitReportReporter -->
<testsuite hostname="NICDM158" failures="0" tests="1" name="TestCases.LoginTestcase" time="30.571" errors="0" timestamp="2022-02-03T16:38:38 IST" skipped="0">
  <testcase classname="TestCases.LoginTestcase" name="login" time="30.571"/>
  <system-out/>
</testsuite> <!-- TestCases.LoginTestcase -->
